[16:49:14] [trace] MAPLE: Initialised the resource manager
[16:49:14] [trace] MAPLE: Added a loader of type Type: Image Loader.
[16:49:14] [trace] MAPLE: Added a loader of type Type: Model Loader.
[16:49:14] [trace] MAPLE: Raven::Scene::OnInit
[16:49:54] [warning] MAPLE: TODO --- GizmosPopup
[16:49:54] [warning] MAPLE: TODO --- GizmosPopup
[16:49:54] [warning] MAPLE: TODO --- GizmosPopup
[16:49:54] [warning] MAPLE: TODO --- GizmosPopup
[16:49:54] [warning] MAPLE: TODO --- GizmosPopup
[16:49:54] [warning] MAPLE: TODO --- GizmosPopup
[16:49:54] [warning] MAPLE: TODO --- GizmosPopup
[16:49:54] [warning] MAPLE: TODO --- GizmosPopup
[16:49:54] [warning] MAPLE: TODO --- GizmosPopup
[16:49:54] [warning] MAPLE: TODO --- GizmosPopup
[16:49:54] [warning] MAPLE: TODO --- GizmosPopup
[16:49:54] [warning] MAPLE: TODO --- GizmosPopup
[16:49:54] [warning] MAPLE: TODO --- GizmosPopup
[16:49:54] [warning] MAPLE: TODO --- GizmosPopup
[16:49:54] [warning] MAPLE: TODO --- GizmosPopup
[16:49:54] [warning] MAPLE: TODO --- GizmosPopup
[16:49:54] [warning] MAPLE: TODO --- GizmosPopup
[16:49:54] [warning] MAPLE: TODO --- GizmosPopup
[16:49:54] [warning] MAPLE: TODO --- GizmosPopup
[16:49:54] [warning] MAPLE: TODO --- GizmosPopup
[16:49:54] [warning] MAPLE: TODO --- GizmosPopup
[16:49:54] [warning] MAPLE: TODO --- GizmosPopup
[16:49:54] [warning] MAPLE: TODO --- GizmosPopup
[16:49:54] [warning] MAPLE: TODO --- GizmosPopup
[16:49:54] [warning] MAPLE: TODO --- GizmosPopup
[16:49:54] [warning] MAPLE: TODO --- GizmosPopup
[16:49:54] [warning] MAPLE: TODO --- GizmosPopup
[16:49:54] [warning] MAPLE: TODO --- GizmosPopup
[16:49:54] [warning] MAPLE: TODO --- GizmosPopup
[16:49:54] [warning] MAPLE: TODO --- GizmosPopup
[16:49:54] [warning] MAPLE: TODO --- GizmosPopup
[16:49:54] [warning] MAPLE: TODO --- GizmosPopup
[16:49:54] [warning] MAPLE: TODO --- GizmosPopup
[16:49:54] [warning] MAPLE: TODO --- GizmosPopup
[16:49:54] [warning] MAPLE: TODO --- GizmosPopup
[16:49:54] [warning] MAPLE: TODO --- GizmosPopup
[16:49:54] [warning] MAPLE: TODO --- GizmosPopup
[16:49:54] [warning] MAPLE: TODO --- GizmosPopup
[16:49:54] [warning] MAPLE: TODO --- GizmosPopup
[16:49:54] [warning] MAPLE: TODO --- GizmosPopup
[16:49:54] [warning] MAPLE: TODO --- GizmosPopup
[16:49:54] [warning] MAPLE: TODO --- GizmosPopup
[16:49:54] [warning] MAPLE: TODO --- GizmosPopup
[16:49:54] [warning] MAPLE: TODO --- GizmosPopup
[16:49:54] [warning] MAPLE: TODO --- GizmosPopup
[16:49:54] [warning] MAPLE: TODO --- GizmosPopup
[16:49:54] [warning] MAPLE: TODO --- GizmosPopup
[16:49:54] [warning] MAPLE: TODO --- GizmosPopup
[16:49:54] [warning] MAPLE: TODO --- GizmosPopup
[16:49:54] [warning] MAPLE: TODO --- GizmosPopup
[16:49:54] [warning] MAPLE: TODO --- GizmosPopup
[16:49:54] [warning] MAPLE: TODO --- GizmosPopup
[16:49:54] [warning] MAPLE: TODO --- GizmosPopup
[16:49:54] [warning] MAPLE: TODO --- GizmosPopup
[16:49:54] [warning] MAPLE: TODO --- GizmosPopup
[16:49:55] [warning] MAPLE: TODO --- GizmosPopup
[16:49:55] [warning] MAPLE: TODO --- GizmosPopup
[16:49:55] [warning] MAPLE: TODO --- GizmosPopup
[16:49:55] [warning] MAPLE: TODO --- GizmosPopup
[16:49:55] [warning] MAPLE: TODO --- GizmosPopup
[16:49:55] [warning] MAPLE: TODO --- GizmosPopup
[16:49:55] [warning] MAPLE: TODO --- GizmosPopup
[16:49:55] [warning] MAPLE: TODO --- GizmosPopup
[16:49:55] [warning] MAPLE: TODO --- GizmosPopup
[16:49:55] [warning] MAPLE: TODO --- GizmosPopup
[16:49:55] [warning] MAPLE: TODO --- GizmosPopup
[16:49:55] [warning] MAPLE: TODO --- GizmosPopup
[16:49:55] [warning] MAPLE: TODO --- GizmosPopup
[16:49:55] [warning] MAPLE: TODO --- GizmosPopup
[16:49:55] [warning] MAPLE: TODO --- GizmosPopup
[16:49:55] [warning] MAPLE: TODO --- GizmosPopup
[16:49:55] [warning] MAPLE: TODO --- GizmosPopup
[16:49:55] [warning] MAPLE: TODO --- GizmosPopup
[16:49:55] [warning] MAPLE: TODO --- GizmosPopup
[16:49:55] [warning] MAPLE: TODO --- GizmosPopup
[16:49:55] [warning] MAPLE: TODO --- GizmosPopup
[16:49:55] [warning] MAPLE: TODO --- GizmosPopup
[16:49:55] [warning] MAPLE: TODO --- GizmosPopup
[16:49:55] [warning] MAPLE: TODO --- GizmosPopup
[16:49:55] [warning] MAPLE: TODO --- GizmosPopup
[16:49:55] [warning] MAPLE: TODO --- GizmosPopup
[16:49:55] [warning] MAPLE: TODO --- GizmosPopup
[16:49:55] [warning] MAPLE: TODO --- GizmosPopup
[16:49:55] [warning] MAPLE: TODO --- GizmosPopup
[16:49:55] [warning] MAPLE: TODO --- GizmosPopup
[16:49:55] [warning] MAPLE: TODO --- GizmosPopup
[16:49:55] [warning] MAPLE: TODO --- GizmosPopup
[16:49:55] [warning] MAPLE: TODO --- GizmosPopup
[16:49:55] [warning] MAPLE: TODO --- GizmosPopup
[16:49:55] [warning] MAPLE: TODO --- GizmosPopup
[16:49:55] [warning] MAPLE: TODO --- GizmosPopup
[16:49:55] [warning] MAPLE: TODO --- GizmosPopup
[16:49:55] [warning] MAPLE: TODO --- GizmosPopup
[16:49:55] [warning] MAPLE: TODO --- GizmosPopup
[16:49:55] [warning] MAPLE: TODO --- GizmosPopup
[16:49:55] [warning] MAPLE: TODO --- GizmosPopup
[16:49:55] [warning] MAPLE: TODO --- GizmosPopup
[16:49:55] [warning] MAPLE: TODO --- GizmosPopup
[16:49:55] [warning] MAPLE: TODO --- GizmosPopup
[16:49:55] [warning] MAPLE: TODO --- GizmosPopup
[16:49:55] [warning] MAPLE: TODO --- GizmosPopup
[16:49:55] [warning] MAPLE: TODO --- GizmosPopup
[16:49:55] [warning] MAPLE: TODO --- GizmosPopup
[16:49:55] [warning] MAPLE: TODO --- GizmosPopup
[16:49:55] [warning] MAPLE: TODO --- GizmosPopup
[16:49:55] [warning] MAPLE: TODO --- GizmosPopup
[16:49:55] [warning] MAPLE: TODO --- GizmosPopup
[16:49:55] [warning] MAPLE: TODO --- GizmosPopup
[16:49:55] [warning] MAPLE: TODO --- GizmosPopup
[16:49:55] [warning] MAPLE: TODO --- GizmosPopup
[16:49:55] [warning] MAPLE: TODO --- GizmosPopup
[16:49:55] [warning] MAPLE: TODO --- GizmosPopup
[16:49:55] [warning] MAPLE: TODO --- GizmosPopup
[16:49:55] [warning] MAPLE: TODO --- GizmosPopup
[16:49:55] [warning] MAPLE: TODO --- GizmosPopup
[16:49:55] [warning] MAPLE: TODO --- GizmosPopup
[16:49:55] [warning] MAPLE: TODO --- GizmosPopup
[16:49:55] [warning] MAPLE: TODO --- GizmosPopup
[16:49:55] [warning] MAPLE: TODO --- GizmosPopup
[16:49:55] [warning] MAPLE: TODO --- GizmosPopup
[16:49:55] [warning] MAPLE: TODO --- GizmosPopup
[16:49:55] [warning] MAPLE: TODO --- GizmosPopup
[16:49:55] [warning] MAPLE: TODO --- GizmosPopup
[16:49:55] [warning] MAPLE: TODO --- GizmosPopup
[16:49:55] [warning] MAPLE: TODO --- GizmosPopup
[16:49:55] [warning] MAPLE: TODO --- GizmosPopup
[16:49:55] [warning] MAPLE: TODO --- GizmosPopup
[16:49:55] [warning] MAPLE: TODO --- GizmosPopup
[16:49:55] [warning] MAPLE: TODO --- GizmosPopup
[16:49:55] [warning] MAPLE: TODO --- GizmosPopup
[16:49:55] [warning] MAPLE: TODO --- GizmosPopup
[16:49:55] [warning] MAPLE: TODO --- GizmosPopup
[16:49:55] [warning] MAPLE: TODO --- GizmosPopup
[16:49:55] [warning] MAPLE: TODO --- GizmosPopup
[16:49:55] [warning] MAPLE: TODO --- GizmosPopup
[16:49:55] [warning] MAPLE: TODO --- GizmosPopup
[16:49:55] [warning] MAPLE: TODO --- GizmosPopup
[16:49:55] [warning] MAPLE: TODO --- GizmosPopup
[16:49:55] [warning] MAPLE: TODO --- GizmosPopup
[16:49:55] [warning] MAPLE: TODO --- GizmosPopup
[16:49:55] [warning] MAPLE: TODO --- GizmosPopup
[16:49:55] [warning] MAPLE: TODO --- GizmosPopup
[16:49:55] [warning] MAPLE: TODO --- GizmosPopup
[16:49:55] [warning] MAPLE: TODO --- GizmosPopup
[16:49:55] [warning] MAPLE: TODO --- GizmosPopup
[16:49:55] [warning] MAPLE: TODO --- GizmosPopup
[16:49:55] [warning] MAPLE: TODO --- GizmosPopup
[16:49:55] [warning] MAPLE: TODO --- GizmosPopup
[16:49:55] [warning] MAPLE: TODO --- GizmosPopup
[16:49:55] [warning] MAPLE: TODO --- GizmosPopup
[16:49:55] [warning] MAPLE: TODO --- GizmosPopup
[16:49:55] [warning] MAPLE: TODO --- GizmosPopup
[16:49:55] [warning] MAPLE: TODO --- GizmosPopup
[16:49:55] [warning] MAPLE: TODO --- GizmosPopup
[16:49:55] [warning] MAPLE: TODO --- GizmosPopup
[16:49:55] [warning] MAPLE: TODO --- GizmosPopup
[16:49:55] [warning] MAPLE: TODO --- GizmosPopup
[16:49:55] [warning] MAPLE: TODO --- GizmosPopup
[16:49:55] [warning] MAPLE: TODO --- GizmosPopup
[16:49:55] [warning] MAPLE: TODO --- GizmosPopup
[16:49:55] [warning] MAPLE: TODO --- GizmosPopup
[16:49:55] [warning] MAPLE: TODO --- GizmosPopup
[16:49:55] [warning] MAPLE: TODO --- GizmosPopup
[16:49:55] [warning] MAPLE: TODO --- GizmosPopup
[16:49:55] [warning] MAPLE: TODO --- GizmosPopup
[16:49:55] [warning] MAPLE: TODO --- GizmosPopup
[16:49:55] [warning] MAPLE: TODO --- GizmosPopup
[16:49:55] [warning] MAPLE: TODO --- GizmosPopup
[16:49:55] [warning] MAPLE: TODO --- GizmosPopup
[16:49:55] [warning] MAPLE: TODO --- GizmosPopup
[16:49:55] [warning] MAPLE: TODO --- GizmosPopup
[16:49:55] [warning] MAPLE: TODO --- GizmosPopup
[16:49:55] [warning] MAPLE: TODO --- GizmosPopup
[16:49:55] [warning] MAPLE: TODO --- GizmosPopup
[16:49:55] [warning] MAPLE: TODO --- GizmosPopup
[16:49:55] [warning] MAPLE: TODO --- GizmosPopup
[16:49:55] [warning] MAPLE: TODO --- GizmosPopup
[16:49:55] [warning] MAPLE: TODO --- GizmosPopup
[16:49:55] [warning] MAPLE: TODO --- GizmosPopup
[16:49:55] [warning] MAPLE: TODO --- GizmosPopup
[16:49:55] [warning] MAPLE: TODO --- GizmosPopup
[16:49:55] [warning] MAPLE: TODO --- GizmosPopup
[16:49:55] [warning] MAPLE: TODO --- GizmosPopup
[16:49:55] [warning] MAPLE: TODO --- GizmosPopup
[16:49:55] [warning] MAPLE: TODO --- GizmosPopup
[16:49:55] [warning] MAPLE: TODO --- GizmosPopup
[16:49:55] [warning] MAPLE: TODO --- GizmosPopup
[16:49:55] [warning] MAPLE: TODO --- GizmosPopup
[16:49:55] [warning] MAPLE: TODO --- GizmosPopup
[16:49:55] [warning] MAPLE: TODO --- GizmosPopup
[16:49:55] [warning] MAPLE: TODO --- GizmosPopup
[16:49:55] [warning] MAPLE: TODO --- GizmosPopup
[16:49:55] [warning] MAPLE: TODO --- GizmosPopup
[16:49:55] [warning] MAPLE: TODO --- GizmosPopup
[16:49:55] [warning] MAPLE: TODO --- GizmosPopup
[16:49:55] [warning] MAPLE: TODO --- GizmosPopup
[16:49:55] [warning] MAPLE: TODO --- GizmosPopup
[16:49:56] [warning] MAPLE: TODO --- GizmosPopup
[16:49:56] [warning] MAPLE: TODO --- GizmosPopup
[16:49:56] [warning] MAPLE: TODO --- GizmosPopup
[16:49:56] [warning] MAPLE: TODO --- GizmosPopup
[16:49:56] [warning] MAPLE: TODO --- GizmosPopup
[16:49:56] [warning] MAPLE: TODO --- GizmosPopup
[16:49:56] [warning] MAPLE: TODO --- GizmosPopup
[16:49:56] [warning] MAPLE: TODO --- GizmosPopup
[16:49:56] [warning] MAPLE: TODO --- GizmosPopup
[16:49:56] [warning] MAPLE: TODO --- GizmosPopup
[16:49:56] [warning] MAPLE: TODO --- GizmosPopup
[16:49:56] [warning] MAPLE: TODO --- GizmosPopup
[16:49:56] [warning] MAPLE: TODO --- GizmosPopup
[16:49:56] [warning] MAPLE: TODO --- GizmosPopup
[16:49:56] [warning] MAPLE: TODO --- GizmosPopup
[16:49:56] [warning] MAPLE: TODO --- GizmosPopup
[16:49:56] [warning] MAPLE: TODO --- GizmosPopup
[16:49:56] [warning] MAPLE: TODO --- GizmosPopup
[16:49:56] [warning] MAPLE: TODO --- GizmosPopup
[16:49:56] [warning] MAPLE: TODO --- GizmosPopup
[16:49:56] [warning] MAPLE: TODO --- GizmosPopup
[16:49:56] [warning] MAPLE: TODO --- GizmosPopup
[16:49:56] [warning] MAPLE: TODO --- GizmosPopup
[16:49:56] [warning] MAPLE: TODO --- GizmosPopup
[16:49:56] [warning] MAPLE: TODO --- GizmosPopup
[16:49:56] [warning] MAPLE: TODO --- GizmosPopup
[16:49:56] [warning] MAPLE: TODO --- GizmosPopup
[16:49:56] [warning] MAPLE: TODO --- GizmosPopup
[16:49:56] [warning] MAPLE: TODO --- GizmosPopup
[16:49:56] [warning] MAPLE: TODO --- GizmosPopup
[16:49:56] [warning] MAPLE: TODO --- GizmosPopup
[16:49:56] [warning] MAPLE: TODO --- GizmosPopup
[16:49:56] [warning] MAPLE: TODO --- GizmosPopup
[16:49:56] [warning] MAPLE: TODO --- GizmosPopup
[16:49:56] [warning] MAPLE: TODO --- GizmosPopup
[16:49:56] [warning] MAPLE: TODO --- GizmosPopup
[16:49:56] [warning] MAPLE: TODO --- GizmosPopup
[16:49:56] [warning] MAPLE: TODO --- GizmosPopup
[16:49:56] [warning] MAPLE: TODO --- GizmosPopup
[16:49:56] [warning] MAPLE: TODO --- GizmosPopup
[16:49:56] [warning] MAPLE: TODO --- GizmosPopup
[16:49:56] [warning] MAPLE: TODO --- GizmosPopup
[16:49:56] [warning] MAPLE: TODO --- GizmosPopup
[16:49:56] [warning] MAPLE: TODO --- GizmosPopup
[16:49:56] [warning] MAPLE: TODO --- GizmosPopup
[16:49:56] [warning] MAPLE: TODO --- GizmosPopup
[16:49:56] [warning] MAPLE: TODO --- GizmosPopup
[16:49:56] [warning] MAPLE: TODO --- GizmosPopup
[16:49:56] [warning] MAPLE: TODO --- GizmosPopup
[16:49:56] [warning] MAPLE: TODO --- GizmosPopup
[16:49:56] [warning] MAPLE: TODO --- GizmosPopup
[16:49:56] [warning] MAPLE: TODO --- GizmosPopup
[16:49:56] [warning] MAPLE: TODO --- GizmosPopup
[16:49:56] [warning] MAPLE: TODO --- GizmosPopup
[16:49:56] [warning] MAPLE: TODO --- GizmosPopup
[16:49:56] [warning] MAPLE: TODO --- GizmosPopup
[16:49:56] [warning] MAPLE: TODO --- GizmosPopup
[16:49:56] [warning] MAPLE: TODO --- GizmosPopup
[16:49:56] [warning] MAPLE: TODO --- GizmosPopup
[16:49:56] [warning] MAPLE: TODO --- GizmosPopup
[16:49:56] [warning] MAPLE: TODO --- GizmosPopup
[16:49:56] [warning] MAPLE: TODO --- GizmosPopup
[16:49:56] [warning] MAPLE: TODO --- GizmosPopup
[16:49:56] [warning] MAPLE: TODO --- GizmosPopup
[16:49:56] [warning] MAPLE: TODO --- GizmosPopup
[16:49:56] [warning] MAPLE: TODO --- GizmosPopup
[16:49:56] [warning] MAPLE: TODO --- GizmosPopup
[16:49:56] [warning] MAPLE: TODO --- GizmosPopup
[16:49:56] [warning] MAPLE: TODO --- GizmosPopup
[16:49:56] [warning] MAPLE: TODO --- GizmosPopup
[16:49:56] [warning] MAPLE: TODO --- GizmosPopup
[16:49:56] [warning] MAPLE: TODO --- GizmosPopup
[16:49:58] [trace] MAPLE: Destroyed the resource manager
